2019-09-27 16:12:21 |[] | [34mINFO [0;39m | [1;33mrestartedMain[0;39m |
                [1;32mcom.bix.BixApp[0;39m | Starting BixApp on PC-20190718QHMN with PID 20424 (D:\bixapi\bix-app\target\classes started by Administrator in D:\bixapi)
2019-09-27 16:12:21 |[] | [34mINFO [0;39m | [1;33mrestartedMain[0;39m |
                [1;32mcom.bix.BixApp[0;39m | No active profile set, falling back to default profiles: default
2019-09-27 16:12:21 |[] | [34mINFO [0;39m | [1;33mrestartedMain[0;39m |
                [1;32morg.springframework.boot.devtools.env.DevToolsPropertyDefaultsPostProcessor[0;39m | Devtools property defaults active! Set 'spring.devtools.add-properties' to 'false' to disable
2019-09-27 16:12:21 |[] | [34mINFO [0;39m | [1;33mrestartedMain[0;39m |
                [1;32morg.springframework.boot.devtools.env.DevToolsPropertyDefaultsPostProcessor[0;39m | For additional web related logging consider setting the 'logging.level.web' property to 'DEBUG'
2019-09-27 16:12:22 |[] | [34mINFO [0;39m | [1;33mrestartedMain[0;39m |
                [1;32morg.springframework.data.repository.config.RepositoryConfigurationDelegate[0;39m | Multiple Spring Data modules found, entering strict repository configuration mode!
2019-09-27 16:12:22 |[] | [34mINFO [0;39m | [1;33mrestartedMain[0;39m |
                [1;32morg.springframework.data.repository.config.RepositoryConfigurationDelegate[0;39m | Bootstrapping Spring Data repositories in DEFAULT mode.
2019-09-27 16:12:22 |[] | [34mINFO [0;39m | [1;33mrestartedMain[0;39m |
                [1;32morg.springframework.data.repository.config.RepositoryConfigurationDelegate[0;39m | Finished Spring Data repository scanning in 15ms. Found 0 repository interfaces.
2019-09-27 16:12:22 |[] | [34mINFO [0;39m | [1;33mrestartedMain[0;39m |
                [1;32morg.springframework.context.support.PostProcessorRegistrationDelegate$BeanPostProcessorChecker[0;39m | Bean 'asyncConfig' of type [com.bix.config.async.AsyncConfig$$EnhancerBySpringCGLIB$$abb70ed0] is not eligible for getting processed by all BeanPostProcessors (for example: not eligible for auto-proxying)
2019-09-27 16:12:22 |[] | [34mINFO [0;39m | [1;33mrestartedMain[0;39m |
                [1;32morg.springframework.context.support.PostProcessorRegistrationDelegate$BeanPostProcessorChecker[0;39m | Bean 'org.springframework.transaction.annotation.ProxyTransactionManagementConfiguration' of type [org.springframework.transaction.annotation.ProxyTransactionManagementConfiguration$$EnhancerBySpringCGLIB$$16dbd001] is not eligible for getting processed by all BeanPostProcessors (for example: not eligible for auto-proxying)
2019-09-27 16:12:22 |[] | [34mINFO [0;39m | [1;33mrestartedMain[0;39m |
                [1;32morg.springframework.context.support.PostProcessorRegistrationDelegate$BeanPostProcessorChecker[0;39m | Bean 'spring.datasource.dynamic-com.baomidou.dynamic.datasource.spring.boot.autoconfigure.DynamicDataSourceProperties' of type [com.baomidou.dynamic.datasource.spring.boot.autoconfigure.DynamicDataSourceProperties] is not eligible for getting processed by all BeanPostProcessors (for example: not eligible for auto-proxying)
2019-09-27 16:12:22 |[] | [34mINFO [0;39m | [1;33mrestartedMain[0;39m |
                [1;32morg.springframework.context.support.PostProcessorRegistrationDelegate$BeanPostProcessorChecker[0;39m | Bean 'com.baomidou.dynamic.datasource.spring.boot.autoconfigure.DynamicDataSourceAutoConfiguration' of type [com.baomidou.dynamic.datasource.spring.boot.autoconfigure.DynamicDataSourceAutoConfiguration$$EnhancerBySpringCGLIB$$806a40d2] is not eligible for getting processed by all BeanPostProcessors (for example: not eligible for auto-proxying)
2019-09-27 16:12:22 |[] | [34mINFO [0;39m | [1;33mrestartedMain[0;39m |
                [1;32morg.springframework.context.support.PostProcessorRegistrationDelegate$BeanPostProcessorChecker[0;39m | Bean 'dsProcessor' of type [com.baomidou.dynamic.datasource.processor.DsHeaderProcessor] is not eligible for getting processed by all BeanPostProcessors (for example: not eligible for auto-proxying)
2019-09-27 16:12:22 |[] | [34mINFO [0;39m | [1;33mrestartedMain[0;39m |
                [1;32morg.springframework.context.support.PostProcessorRegistrationDelegate$BeanPostProcessorChecker[0;39m | Bean 'dynamicDatasourceAnnotationAdvisor' of type [com.baomidou.dynamic.datasource.aop.DynamicDataSourceAnnotationAdvisor] is not eligible for getting processed by all BeanPostProcessors (for example: not eligible for auto-proxying)
2019-09-27 16:12:22 |[] | [34mINFO [0;39m | [1;33mrestartedMain[0;39m |
                [1;32morg.springframework.boot.web.embedded.tomcat.TomcatWebServer[0;39m | Tomcat initialized with port(s): 8080 (http)
2019-09-27 16:12:22 |[] | [34mINFO [0;39m | [1;33mrestartedMain[0;39m |
                [1;32morg.apache.coyote.http11.Http11NioProtocol[0;39m | Initializing ProtocolHandler ["http-nio-8080"]
2019-09-27 16:12:22 |[] | [34mINFO [0;39m | [1;33mrestartedMain[0;39m |
                [1;32morg.apache.catalina.core.StandardService[0;39m | Starting service [Tomcat]
2019-09-27 16:12:22 |[] | [34mINFO [0;39m | [1;33mrestartedMain[0;39m |
                [1;32morg.apache.catalina.core.StandardEngine[0;39m | Starting Servlet engine: [Apache Tomcat/9.0.19]
2019-09-27 16:12:22 |[] | [34mINFO [0;39m | [1;33mrestartedMain[0;39m |
                [1;32morg.apache.catalina.core.ContainerBase.[Tomcat].[localhost].[/bix][0;39m | Initializing Spring embedded WebApplicationContext
2019-09-27 16:12:22 |[] | [34mINFO [0;39m | [1;33mrestartedMain[0;39m |
                [1;32morg.springframework.web.context.ContextLoader[0;39m | Root WebApplicationContext: initialization completed in 1194 ms
2019-09-27 16:12:23 |[] | [34mINFO [0;39m | [1;33mrestartedMain[0;39m |
                [1;32mcom.baomidou.dynamic.datasource.DynamicDataSourceCreator[0;39m | 动态数据源-检测到druid存在,如配置中未指定type,druid会默认配置
2019-09-27 16:12:23 |[] | [34mINFO [0;39m | [1;33mrestartedMain[0;39m |
                [1;32mcom.alibaba.druid.pool.DruidDataSource[0;39m | {dataSource-1,master} inited
2019-09-27 16:12:23 |[] | [34mINFO [0;39m | [1;33mrestartedMain[0;39m |
                [1;32mcom.alibaba.druid.pool.DruidDataSource[0;39m | {dataSource-2,basic} inited
2019-09-27 16:12:23 |[] | [34mINFO [0;39m | [1;33mrestartedMain[0;39m |
                [1;32mcom.baomidou.dynamic.datasource.DynamicRoutingDataSource[0;39m | 初始共加载 2 个数据源
2019-09-27 16:12:23 |[] | [34mINFO [0;39m | [1;33mrestartedMain[0;39m |
                [1;32mcom.baomidou.dynamic.datasource.DynamicRoutingDataSource[0;39m | 动态数据源-加载 basic 成功
2019-09-27 16:12:23 |[] | [34mINFO [0;39m | [1;33mrestartedMain[0;39m |
                [1;32mcom.baomidou.dynamic.datasource.DynamicRoutingDataSource[0;39m | 动态数据源-加载 master 成功
2019-09-27 16:12:23 |[] | [34mINFO [0;39m | [1;33mrestartedMain[0;39m |
                [1;32mcom.baomidou.dynamic.datasource.DynamicRoutingDataSource[0;39m | 当前的默认数据源是单数据源，数据源名为 master
2019-09-27 16:12:23 |[] | [34mINFO [0;39m | [1;33mrestartedMain[0;39m |
                [1;32morg.springframework.scheduling.concurrent.ThreadPoolTaskExecutor[0;39m | Initializing ExecutorService
2019-09-27 16:12:23 |[] | [34mINFO [0;39m | [1;33mrestartedMain[0;39m |
                [1;32morg.springframework.scheduling.concurrent.ThreadPoolTaskExecutor[0;39m | Initializing ExecutorService 'getAsyncExecutor'
2019-09-27 16:12:24 |[] | [34mINFO [0;39m | [1;33mrestartedMain[0;39m |
                [1;32morg.apache.coyote.http11.Http11NioProtocol[0;39m | Starting ProtocolHandler ["http-nio-8080"]
2019-09-27 16:12:24 |[] | [34mINFO [0;39m | [1;33mrestartedMain[0;39m |
                [1;32morg.apache.coyote.http11.Http11NioProtocol[0;39m | Pausing ProtocolHandler ["http-nio-8080"]
2019-09-27 16:12:24 |[] | [34mINFO [0;39m | [1;33mrestartedMain[0;39m |
                [1;32morg.apache.catalina.core.StandardService[0;39m | Stopping service [Tomcat]
2019-09-27 16:12:24 |[] | [34mINFO [0;39m | [1;33mrestartedMain[0;39m |
                [1;32morg.apache.catalina.util.LifecycleBase[0;39m | The stop() method was called on component [StandardServer[-1]] after stop() had already been called. The second call will be ignored.
2019-09-27 16:12:24 |[] | [34mINFO [0;39m | [1;33mrestartedMain[0;39m |
                [1;32morg.apache.coyote.http11.Http11NioProtocol[0;39m | Stopping ProtocolHandler ["http-nio-8080"]
2019-09-27 16:12:24 |[] | [34mINFO [0;39m | [1;33mrestartedMain[0;39m |
                [1;32morg.apache.coyote.http11.Http11NioProtocol[0;39m | Destroying ProtocolHandler ["http-nio-8080"]
2019-09-27 16:12:24 |[] | [34mINFO [0;39m | [1;33mrestartedMain[0;39m |
                [1;32morg.springframework.boot.autoconfigure.logging.ConditionEvaluationReportLoggingListener[0;39m | 

Error starting ApplicationContext. To display the conditions report re-run your application with 'debug' enabled.
2019-09-27 16:12:24 |[] | [34mINFO [0;39m | [1;33mrestartedMain[0;39m |
                [1;32morg.springframework.scheduling.concurrent.ThreadPoolTaskExecutor[0;39m | Shutting down ExecutorService 'getAsyncExecutor'
2019-09-27 16:12:24 |[] | [34mINFO [0;39m | [1;33mrestartedMain[0;39m |
                [1;32mcom.baomidou.dynamic.datasource.DynamicRoutingDataSource[0;39m | closing dynamicDatasource  ing....
2019-09-27 16:12:24 |[] | [34mINFO [0;39m | [1;33mrestartedMain[0;39m |
                [1;32mcom.alibaba.druid.pool.DruidDataSource[0;39m | {dataSource-2} closed
2019-09-27 16:12:24 |[] | [34mINFO [0;39m | [1;33mrestartedMain[0;39m |
                [1;32mcom.alibaba.druid.pool.DruidDataSource[0;39m | {dataSource-1} closed
2019-09-27 16:15:24 |[] | [34mINFO [0;39m | [1;33mrestartedMain[0;39m |
                [1;32mcom.bix.BixApp[0;39m | Starting BixApp on PC-20190718QHMN with PID 20996 (D:\bixapi\bix-app\target\classes started by Administrator in D:\bixapi)
2019-09-27 16:15:24 |[] | [34mINFO [0;39m | [1;33mrestartedMain[0;39m |
                [1;32mcom.bix.BixApp[0;39m | No active profile set, falling back to default profiles: default
2019-09-27 16:15:24 |[] | [34mINFO [0;39m | [1;33mrestartedMain[0;39m |
                [1;32morg.springframework.boot.devtools.env.DevToolsPropertyDefaultsPostProcessor[0;39m | Devtools property defaults active! Set 'spring.devtools.add-properties' to 'false' to disable
2019-09-27 16:15:24 |[] | [34mINFO [0;39m | [1;33mrestartedMain[0;39m |
                [1;32morg.springframework.boot.devtools.env.DevToolsPropertyDefaultsPostProcessor[0;39m | For additional web related logging consider setting the 'logging.level.web' property to 'DEBUG'
2019-09-27 16:15:25 |[] | [34mINFO [0;39m | [1;33mrestartedMain[0;39m |
                [1;32morg.springframework.data.repository.config.RepositoryConfigurationDelegate[0;39m | Multiple Spring Data modules found, entering strict repository configuration mode!
2019-09-27 16:15:25 |[] | [34mINFO [0;39m | [1;33mrestartedMain[0;39m |
                [1;32morg.springframework.data.repository.config.RepositoryConfigurationDelegate[0;39m | Bootstrapping Spring Data repositories in DEFAULT mode.
2019-09-27 16:15:25 |[] | [34mINFO [0;39m | [1;33mrestartedMain[0;39m |
                [1;32morg.springframework.data.repository.config.RepositoryConfigurationDelegate[0;39m | Finished Spring Data repository scanning in 17ms. Found 0 repository interfaces.
2019-09-27 16:15:25 |[] | [34mINFO [0;39m | [1;33mrestartedMain[0;39m |
                [1;32morg.springframework.context.support.PostProcessorRegistrationDelegate$BeanPostProcessorChecker[0;39m | Bean 'asyncConfig' of type [com.bix.config.async.AsyncConfig$$EnhancerBySpringCGLIB$$beb67ab6] is not eligible for getting processed by all BeanPostProcessors (for example: not eligible for auto-proxying)
2019-09-27 16:15:25 |[] | [34mINFO [0;39m | [1;33mrestartedMain[0;39m |
                [1;32morg.springframework.context.support.PostProcessorRegistrationDelegate$BeanPostProcessorChecker[0;39m | Bean 'org.springframework.transaction.annotation.ProxyTransactionManagementConfiguration' of type [org.springframework.transaction.annotation.ProxyTransactionManagementConfiguration$$EnhancerBySpringCGLIB$$29db3be7] is not eligible for getting processed by all BeanPostProcessors (for example: not eligible for auto-proxying)
2019-09-27 16:15:25 |[] | [34mINFO [0;39m | [1;33mrestartedMain[0;39m |
                [1;32morg.springframework.context.support.PostProcessorRegistrationDelegate$BeanPostProcessorChecker[0;39m | Bean 'spring.datasource.dynamic-com.baomidou.dynamic.datasource.spring.boot.autoconfigure.DynamicDataSourceProperties' of type [com.baomidou.dynamic.datasource.spring.boot.autoconfigure.DynamicDataSourceProperties] is not eligible for getting processed by all BeanPostProcessors (for example: not eligible for auto-proxying)
2019-09-27 16:15:25 |[] | [34mINFO [0;39m | [1;33mrestartedMain[0;39m |
                [1;32morg.springframework.context.support.PostProcessorRegistrationDelegate$BeanPostProcessorChecker[0;39m | Bean 'com.baomidou.dynamic.datasource.spring.boot.autoconfigure.DynamicDataSourceAutoConfiguration' of type [com.baomidou.dynamic.datasource.spring.boot.autoconfigure.DynamicDataSourceAutoConfiguration$$EnhancerBySpringCGLIB$$9369acb8] is not eligible for getting processed by all BeanPostProcessors (for example: not eligible for auto-proxying)
2019-09-27 16:15:25 |[] | [34mINFO [0;39m | [1;33mrestartedMain[0;39m |
                [1;32morg.springframework.context.support.PostProcessorRegistrationDelegate$BeanPostProcessorChecker[0;39m | Bean 'dsProcessor' of type [com.baomidou.dynamic.datasource.processor.DsHeaderProcessor] is not eligible for getting processed by all BeanPostProcessors (for example: not eligible for auto-proxying)
2019-09-27 16:15:25 |[] | [34mINFO [0;39m | [1;33mrestartedMain[0;39m |
                [1;32morg.springframework.context.support.PostProcessorRegistrationDelegate$BeanPostProcessorChecker[0;39m | Bean 'dynamicDatasourceAnnotationAdvisor' of type [com.baomidou.dynamic.datasource.aop.DynamicDataSourceAnnotationAdvisor] is not eligible for getting processed by all BeanPostProcessors (for example: not eligible for auto-proxying)
2019-09-27 16:15:26 |[] | [34mINFO [0;39m | [1;33mrestartedMain[0;39m |
                [1;32morg.springframework.boot.web.embedded.tomcat.TomcatWebServer[0;39m | Tomcat initialized with port(s): 8090 (http)
2019-09-27 16:15:26 |[] | [34mINFO [0;39m | [1;33mrestartedMain[0;39m |
                [1;32morg.apache.coyote.http11.Http11NioProtocol[0;39m | Initializing ProtocolHandler ["http-nio-8090"]
2019-09-27 16:15:26 |[] | [34mINFO [0;39m | [1;33mrestartedMain[0;39m |
                [1;32morg.apache.catalina.core.StandardService[0;39m | Starting service [Tomcat]
2019-09-27 16:15:26 |[] | [34mINFO [0;39m | [1;33mrestartedMain[0;39m |
                [1;32morg.apache.catalina.core.StandardEngine[0;39m | Starting Servlet engine: [Apache Tomcat/9.0.19]
2019-09-27 16:15:26 |[] | [34mINFO [0;39m | [1;33mrestartedMain[0;39m |
                [1;32morg.apache.catalina.core.ContainerBase.[Tomcat].[localhost].[/zmx][0;39m | Initializing Spring embedded WebApplicationContext
2019-09-27 16:15:26 |[] | [34mINFO [0;39m | [1;33mrestartedMain[0;39m |
                [1;32morg.springframework.web.context.ContextLoader[0;39m | Root WebApplicationContext: initialization completed in 1443 ms
2019-09-27 16:15:26 |[] | [34mINFO [0;39m | [1;33mrestartedMain[0;39m |
                [1;32mcom.baomidou.dynamic.datasource.DynamicDataSourceCreator[0;39m | 动态数据源-检测到druid存在,如配置中未指定type,druid会默认配置
2019-09-27 16:15:26 |[] | [34mINFO [0;39m | [1;33mrestartedMain[0;39m |
                [1;32mcom.alibaba.druid.pool.DruidDataSource[0;39m | {dataSource-1,master} inited
2019-09-27 16:15:26 |[] | [34mINFO [0;39m | [1;33mrestartedMain[0;39m |
                [1;32mcom.alibaba.druid.pool.DruidDataSource[0;39m | {dataSource-2,basic} inited
2019-09-27 16:15:26 |[] | [34mINFO [0;39m | [1;33mrestartedMain[0;39m |
                [1;32mcom.baomidou.dynamic.datasource.DynamicRoutingDataSource[0;39m | 初始共加载 2 个数据源
2019-09-27 16:15:26 |[] | [34mINFO [0;39m | [1;33mrestartedMain[0;39m |
                [1;32mcom.baomidou.dynamic.datasource.DynamicRoutingDataSource[0;39m | 动态数据源-加载 basic 成功
2019-09-27 16:15:26 |[] | [34mINFO [0;39m | [1;33mrestartedMain[0;39m |
                [1;32mcom.baomidou.dynamic.datasource.DynamicRoutingDataSource[0;39m | 动态数据源-加载 master 成功
2019-09-27 16:15:26 |[] | [34mINFO [0;39m | [1;33mrestartedMain[0;39m |
                [1;32mcom.baomidou.dynamic.datasource.DynamicRoutingDataSource[0;39m | 当前的默认数据源是单数据源，数据源名为 master
2019-09-27 16:17:24 |[] | [34mINFO [0;39m | [1;33mrestartedMain[0;39m |
                [1;32mcom.bix.BixApp[0;39m | Starting BixApp on PC-20190718QHMN with PID 15784 (D:\bixapi\bix-app\target\classes started by Administrator in D:\bixapi)
2019-09-27 16:17:24 |[] | [34mINFO [0;39m | [1;33mrestartedMain[0;39m |
                [1;32mcom.bix.BixApp[0;39m | No active profile set, falling back to default profiles: default
2019-09-27 16:17:24 |[] | [34mINFO [0;39m | [1;33mrestartedMain[0;39m |
                [1;32morg.springframework.boot.devtools.env.DevToolsPropertyDefaultsPostProcessor[0;39m | Devtools property defaults active! Set 'spring.devtools.add-properties' to 'false' to disable
2019-09-27 16:17:24 |[] | [34mINFO [0;39m | [1;33mrestartedMain[0;39m |
                [1;32morg.springframework.boot.devtools.env.DevToolsPropertyDefaultsPostProcessor[0;39m | For additional web related logging consider setting the 'logging.level.web' property to 'DEBUG'
2019-09-27 16:17:25 |[] | [34mINFO [0;39m | [1;33mrestartedMain[0;39m |
                [1;32morg.springframework.data.repository.config.RepositoryConfigurationDelegate[0;39m | Multiple Spring Data modules found, entering strict repository configuration mode!
2019-09-27 16:17:25 |[] | [34mINFO [0;39m | [1;33mrestartedMain[0;39m |
                [1;32morg.springframework.data.repository.config.RepositoryConfigurationDelegate[0;39m | Bootstrapping Spring Data repositories in DEFAULT mode.
2019-09-27 16:17:25 |[] | [34mINFO [0;39m | [1;33mrestartedMain[0;39m |
                [1;32morg.springframework.data.repository.config.RepositoryConfigurationDelegate[0;39m | Finished Spring Data repository scanning in 17ms. Found 0 repository interfaces.
2019-09-27 16:17:25 |[] | [34mINFO [0;39m | [1;33mrestartedMain[0;39m |
                [1;32morg.springframework.context.support.PostProcessorRegistrationDelegate$BeanPostProcessorChecker[0;39m | Bean 'asyncConfig' of type [com.bix.config.async.AsyncConfig$$EnhancerBySpringCGLIB$$34811990] is not eligible for getting processed by all BeanPostProcessors (for example: not eligible for auto-proxying)
2019-09-27 16:17:25 |[] | [34mINFO [0;39m | [1;33mrestartedMain[0;39m |
                [1;32morg.springframework.context.support.PostProcessorRegistrationDelegate$BeanPostProcessorChecker[0;39m | Bean 'org.springframework.transaction.annotation.ProxyTransactionManagementConfiguration' of type [org.springframework.transaction.annotation.ProxyTransactionManagementConfiguration$$EnhancerBySpringCGLIB$$9fa5dac1] is not eligible for getting processed by all BeanPostProcessors (for example: not eligible for auto-proxying)
2019-09-27 16:17:25 |[] | [34mINFO [0;39m | [1;33mrestartedMain[0;39m |
                [1;32morg.springframework.context.support.PostProcessorRegistrationDelegate$BeanPostProcessorChecker[0;39m | Bean 'spring.datasource.dynamic-com.baomidou.dynamic.datasource.spring.boot.autoconfigure.DynamicDataSourceProperties' of type [com.baomidou.dynamic.datasource.spring.boot.autoconfigure.DynamicDataSourceProperties] is not eligible for getting processed by all BeanPostProcessors (for example: not eligible for auto-proxying)
2019-09-27 16:17:25 |[] | [34mINFO [0;39m | [1;33mrestartedMain[0;39m |
                [1;32morg.springframework.context.support.PostProcessorRegistrationDelegate$BeanPostProcessorChecker[0;39m | Bean 'com.baomidou.dynamic.datasource.spring.boot.autoconfigure.DynamicDataSourceAutoConfiguration' of type [com.baomidou.dynamic.datasource.spring.boot.autoconfigure.DynamicDataSourceAutoConfiguration$$EnhancerBySpringCGLIB$$9344b92] is not eligible for getting processed by all BeanPostProcessors (for example: not eligible for auto-proxying)
2019-09-27 16:17:25 |[] | [34mINFO [0;39m | [1;33mrestartedMain[0;39m |
                [1;32morg.springframework.context.support.PostProcessorRegistrationDelegate$BeanPostProcessorChecker[0;39m | Bean 'dsProcessor' of type [com.baomidou.dynamic.datasource.processor.DsHeaderProcessor] is not eligible for getting processed by all BeanPostProcessors (for example: not eligible for auto-proxying)
2019-09-27 16:17:25 |[] | [34mINFO [0;39m | [1;33mrestartedMain[0;39m |
                [1;32morg.springframework.context.support.PostProcessorRegistrationDelegate$BeanPostProcessorChecker[0;39m | Bean 'dynamicDatasourceAnnotationAdvisor' of type [com.baomidou.dynamic.datasource.aop.DynamicDataSourceAnnotationAdvisor] is not eligible for getting processed by all BeanPostProcessors (for example: not eligible for auto-proxying)
2019-09-27 16:17:26 |[] | [34mINFO [0;39m | [1;33mrestartedMain[0;39m |
                [1;32morg.springframework.boot.web.embedded.tomcat.TomcatWebServer[0;39m | Tomcat initialized with port(s): 8090 (http)
2019-09-27 16:17:26 |[] | [34mINFO [0;39m | [1;33mrestartedMain[0;39m |
                [1;32morg.apache.coyote.http11.Http11NioProtocol[0;39m | Initializing ProtocolHandler ["http-nio-8090"]
2019-09-27 16:17:26 |[] | [34mINFO [0;39m | [1;33mrestartedMain[0;39m |
                [1;32morg.apache.catalina.core.StandardService[0;39m | Starting service [Tomcat]
2019-09-27 16:17:26 |[] | [34mINFO [0;39m | [1;33mrestartedMain[0;39m |
                [1;32morg.apache.catalina.core.StandardEngine[0;39m | Starting Servlet engine: [Apache Tomcat/9.0.19]
2019-09-27 16:17:26 |[] | [34mINFO [0;39m | [1;33mrestartedMain[0;39m |
                [1;32morg.apache.catalina.core.ContainerBase.[Tomcat].[localhost].[/zmx][0;39m | Initializing Spring embedded WebApplicationContext
2019-09-27 16:17:26 |[] | [34mINFO [0;39m | [1;33mrestartedMain[0;39m |
                [1;32morg.springframework.web.context.ContextLoader[0;39m | Root WebApplicationContext: initialization completed in 1377 ms
2019-09-27 16:17:26 |[] | [34mINFO [0;39m | [1;33mrestartedMain[0;39m |
                [1;32mcom.baomidou.dynamic.datasource.DynamicDataSourceCreator[0;39m | 动态数据源-检测到druid存在,如配置中未指定type,druid会默认配置
2019-09-27 16:17:26 |[] | [34mINFO [0;39m | [1;33mrestartedMain[0;39m |
                [1;32mcom.alibaba.druid.pool.DruidDataSource[0;39m | {dataSource-1,master} inited
2019-09-27 16:17:26 |[] | [34mINFO [0;39m | [1;33mrestartedMain[0;39m |
                [1;32mcom.alibaba.druid.pool.DruidDataSource[0;39m | {dataSource-2,basic} inited
2019-09-27 16:17:26 |[] | [34mINFO [0;39m | [1;33mrestartedMain[0;39m |
                [1;32mcom.baomidou.dynamic.datasource.DynamicRoutingDataSource[0;39m | 初始共加载 2 个数据源
2019-09-27 16:17:26 |[] | [34mINFO [0;39m | [1;33mrestartedMain[0;39m |
                [1;32mcom.baomidou.dynamic.datasource.DynamicRoutingDataSource[0;39m | 动态数据源-加载 basic 成功
2019-09-27 16:17:26 |[] | [34mINFO [0;39m | [1;33mrestartedMain[0;39m |
                [1;32mcom.baomidou.dynamic.datasource.DynamicRoutingDataSource[0;39m | 动态数据源-加载 master 成功
2019-09-27 16:17:26 |[] | [34mINFO [0;39m | [1;33mrestartedMain[0;39m |
                [1;32mcom.baomidou.dynamic.datasource.DynamicRoutingDataSource[0;39m | 当前的默认数据源是单数据源，数据源名为 master
2019-09-27 16:18:21 |[] | [34mINFO [0;39m | [1;33mrestartedMain[0;39m |
                [1;32mcom.bix.BixApp[0;39m | Starting BixApp on PC-20190718QHMN with PID 7936 (D:\bixapi\bix-app\target\classes started by Administrator in D:\bixapi)
2019-09-27 16:18:21 |[] | [34mINFO [0;39m | [1;33mrestartedMain[0;39m |
                [1;32mcom.bix.BixApp[0;39m | No active profile set, falling back to default profiles: default
2019-09-27 16:18:21 |[] | [34mINFO [0;39m | [1;33mrestartedMain[0;39m |
                [1;32morg.springframework.boot.devtools.env.DevToolsPropertyDefaultsPostProcessor[0;39m | Devtools property defaults active! Set 'spring.devtools.add-properties' to 'false' to disable
2019-09-27 16:18:21 |[] | [34mINFO [0;39m | [1;33mrestartedMain[0;39m |
                [1;32morg.springframework.boot.devtools.env.DevToolsPropertyDefaultsPostProcessor[0;39m | For additional web related logging consider setting the 'logging.level.web' property to 'DEBUG'
2019-09-27 16:18:21 |[] | [34mINFO [0;39m | [1;33mrestartedMain[0;39m |
                [1;32morg.springframework.data.repository.config.RepositoryConfigurationDelegate[0;39m | Multiple Spring Data modules found, entering strict repository configuration mode!
2019-09-27 16:18:21 |[] | [34mINFO [0;39m | [1;33mrestartedMain[0;39m |
                [1;32morg.springframework.data.repository.config.RepositoryConfigurationDelegate[0;39m | Bootstrapping Spring Data repositories in DEFAULT mode.
2019-09-27 16:18:21 |[] | [34mINFO [0;39m | [1;33mrestartedMain[0;39m |
                [1;32morg.springframework.data.repository.config.RepositoryConfigurationDelegate[0;39m | Finished Spring Data repository scanning in 17ms. Found 0 repository interfaces.
2019-09-27 16:18:21 |[] | [34mINFO [0;39m | [1;33mrestartedMain[0;39m |
                [1;32morg.springframework.context.support.PostProcessorRegistrationDelegate$BeanPostProcessorChecker[0;39m | Bean 'asyncConfig' of type [com.bix.config.async.AsyncConfig$$EnhancerBySpringCGLIB$$60185753] is not eligible for getting processed by all BeanPostProcessors (for example: not eligible for auto-proxying)
2019-09-27 16:18:22 |[] | [34mINFO [0;39m | [1;33mrestartedMain[0;39m |
                [1;32morg.springframework.context.support.PostProcessorRegistrationDelegate$BeanPostProcessorChecker[0;39m | Bean 'org.springframework.transaction.annotation.ProxyTransactionManagementConfiguration' of type [org.springframework.transaction.annotation.ProxyTransactionManagementConfiguration$$EnhancerBySpringCGLIB$$cb3d1884] is not eligible for getting processed by all BeanPostProcessors (for example: not eligible for auto-proxying)
2019-09-27 16:18:22 |[] | [34mINFO [0;39m | [1;33mrestartedMain[0;39m |
                [1;32morg.springframework.context.support.PostProcessorRegistrationDelegate$BeanPostProcessorChecker[0;39m | Bean 'spring.datasource.dynamic-com.baomidou.dynamic.datasource.spring.boot.autoconfigure.DynamicDataSourceProperties' of type [com.baomidou.dynamic.datasource.spring.boot.autoconfigure.DynamicDataSourceProperties] is not eligible for getting processed by all BeanPostProcessors (for example: not eligible for auto-proxying)
2019-09-27 16:18:22 |[] | [34mINFO [0;39m | [1;33mrestartedMain[0;39m |
                [1;32morg.springframework.context.support.PostProcessorRegistrationDelegate$BeanPostProcessorChecker[0;39m | Bean 'com.baomidou.dynamic.datasource.spring.boot.autoconfigure.DynamicDataSourceAutoConfiguration' of type [com.baomidou.dynamic.datasource.spring.boot.autoconfigure.DynamicDataSourceAutoConfiguration$$EnhancerBySpringCGLIB$$34cb8955] is not eligible for getting processed by all BeanPostProcessors (for example: not eligible for auto-proxying)
2019-09-27 16:18:22 |[] | [34mINFO [0;39m | [1;33mrestartedMain[0;39m |
                [1;32morg.springframework.context.support.PostProcessorRegistrationDelegate$BeanPostProcessorChecker[0;39m | Bean 'dsProcessor' of type [com.baomidou.dynamic.datasource.processor.DsHeaderProcessor] is not eligible for getting processed by all BeanPostProcessors (for example: not eligible for auto-proxying)
2019-09-27 16:18:22 |[] | [34mINFO [0;39m | [1;33mrestartedMain[0;39m |
                [1;32morg.springframework.context.support.PostProcessorRegistrationDelegate$BeanPostProcessorChecker[0;39m | Bean 'dynamicDatasourceAnnotationAdvisor' of type [com.baomidou.dynamic.datasource.aop.DynamicDataSourceAnnotationAdvisor] is not eligible for getting processed by all BeanPostProcessors (for example: not eligible for auto-proxying)
2019-09-27 16:18:22 |[] | [34mINFO [0;39m | [1;33mrestartedMain[0;39m |
                [1;32morg.springframework.boot.web.embedded.tomcat.TomcatWebServer[0;39m | Tomcat initialized with port(s): 8090 (http)
2019-09-27 16:18:22 |[] | [34mINFO [0;39m | [1;33mrestartedMain[0;39m |
                [1;32morg.apache.coyote.http11.Http11NioProtocol[0;39m | Initializing ProtocolHandler ["http-nio-8090"]
2019-09-27 16:18:22 |[] | [34mINFO [0;39m | [1;33mrestartedMain[0;39m |
                [1;32morg.apache.catalina.core.StandardService[0;39m | Starting service [Tomcat]
2019-09-27 16:18:22 |[] | [34mINFO [0;39m | [1;33mrestartedMain[0;39m |
                [1;32morg.apache.catalina.core.StandardEngine[0;39m | Starting Servlet engine: [Apache Tomcat/9.0.19]
2019-09-27 16:18:22 |[] | [34mINFO [0;39m | [1;33mrestartedMain[0;39m |
                [1;32morg.apache.catalina.core.ContainerBase.[Tomcat].[localhost].[/zmx][0;39m | Initializing Spring embedded WebApplicationContext
2019-09-27 16:18:22 |[] | [34mINFO [0;39m | [1;33mrestartedMain[0;39m |
                [1;32morg.springframework.web.context.ContextLoader[0;39m | Root WebApplicationContext: initialization completed in 1371 ms
2019-09-27 16:18:22 |[] | [34mINFO [0;39m | [1;33mrestartedMain[0;39m |
                [1;32mcom.baomidou.dynamic.datasource.DynamicDataSourceCreator[0;39m | 动态数据源-检测到druid存在,如配置中未指定type,druid会默认配置
2019-09-27 16:18:22 |[] | [34mINFO [0;39m | [1;33mrestartedMain[0;39m |
                [1;32mcom.alibaba.druid.pool.DruidDataSource[0;39m | {dataSource-1,master} inited
2019-09-27 16:18:22 |[] | [34mINFO [0;39m | [1;33mrestartedMain[0;39m |
                [1;32mcom.alibaba.druid.pool.DruidDataSource[0;39m | {dataSource-2,basic} inited
2019-09-27 16:18:22 |[] | [34mINFO [0;39m | [1;33mrestartedMain[0;39m |
                [1;32mcom.baomidou.dynamic.datasource.DynamicRoutingDataSource[0;39m | 初始共加载 2 个数据源
2019-09-27 16:18:22 |[] | [34mINFO [0;39m | [1;33mrestartedMain[0;39m |
                [1;32mcom.baomidou.dynamic.datasource.DynamicRoutingDataSource[0;39m | 动态数据源-加载 basic 成功
2019-09-27 16:18:22 |[] | [34mINFO [0;39m | [1;33mrestartedMain[0;39m |
                [1;32mcom.baomidou.dynamic.datasource.DynamicRoutingDataSource[0;39m | 动态数据源-加载 master 成功
2019-09-27 16:18:22 |[] | [34mINFO [0;39m | [1;33mrestartedMain[0;39m |
                [1;32mcom.baomidou.dynamic.datasource.DynamicRoutingDataSource[0;39m | 当前的默认数据源是单数据源，数据源名为 master
2019-09-27 16:19:42 |[] | [34mINFO [0;39m | [1;33mrestartedMain[0;39m |
                [1;32mcom.bix.BixApp[0;39m | Starting BixApp on PC-20190718QHMN with PID 21712 (D:\bixapi\bix-app\target\classes started by Administrator in D:\bixapi)
2019-09-27 16:19:42 |[] | [34mINFO [0;39m | [1;33mrestartedMain[0;39m |
                [1;32mcom.bix.BixApp[0;39m | No active profile set, falling back to default profiles: default
2019-09-27 16:19:42 |[] | [34mINFO [0;39m | [1;33mrestartedMain[0;39m |
                [1;32morg.springframework.boot.devtools.env.DevToolsPropertyDefaultsPostProcessor[0;39m | Devtools property defaults active! Set 'spring.devtools.add-properties' to 'false' to disable
2019-09-27 16:19:42 |[] | [34mINFO [0;39m | [1;33mrestartedMain[0;39m |
                [1;32morg.springframework.boot.devtools.env.DevToolsPropertyDefaultsPostProcessor[0;39m | For additional web related logging consider setting the 'logging.level.web' property to 'DEBUG'
2019-09-27 16:19:42 |[] | [34mINFO [0;39m | [1;33mrestartedMain[0;39m |
                [1;32morg.springframework.data.repository.config.RepositoryConfigurationDelegate[0;39m | Multiple Spring Data modules found, entering strict repository configuration mode!
2019-09-27 16:19:42 |[] | [34mINFO [0;39m | [1;33mrestartedMain[0;39m |
                [1;32morg.springframework.data.repository.config.RepositoryConfigurationDelegate[0;39m | Bootstrapping Spring Data repositories in DEFAULT mode.
2019-09-27 16:19:42 |[] | [34mINFO [0;39m | [1;33mrestartedMain[0;39m |
                [1;32morg.springframework.data.repository.config.RepositoryConfigurationDelegate[0;39m | Finished Spring Data repository scanning in 18ms. Found 0 repository interfaces.
2019-09-27 16:19:43 |[] | [34mINFO [0;39m | [1;33mrestartedMain[0;39m |
                [1;32morg.springframework.context.support.PostProcessorRegistrationDelegate$BeanPostProcessorChecker[0;39m | Bean 'asyncConfig' of type [com.bix.config.async.AsyncConfig$$EnhancerBySpringCGLIB$$ff5498d8] is not eligible for getting processed by all BeanPostProcessors (for example: not eligible for auto-proxying)
2019-09-27 16:19:43 |[] | [34mINFO [0;39m | [1;33mrestartedMain[0;39m |
                [1;32morg.springframework.context.support.PostProcessorRegistrationDelegate$BeanPostProcessorChecker[0;39m | Bean 'org.springframework.transaction.annotation.ProxyTransactionManagementConfiguration' of type [org.springframework.transaction.annotation.ProxyTransactionManagementConfiguration$$EnhancerBySpringCGLIB$$6a795a09] is not eligible for getting processed by all BeanPostProcessors (for example: not eligible for auto-proxying)
2019-09-27 16:19:43 |[] | [34mINFO [0;39m | [1;33mrestartedMain[0;39m |
                [1;32morg.springframework.context.support.PostProcessorRegistrationDelegate$BeanPostProcessorChecker[0;39m | Bean 'spring.datasource.dynamic-com.baomidou.dynamic.datasource.spring.boot.autoconfigure.DynamicDataSourceProperties' of type [com.baomidou.dynamic.datasource.spring.boot.autoconfigure.DynamicDataSourceProperties] is not eligible for getting processed by all BeanPostProcessors (for example: not eligible for auto-proxying)
2019-09-27 16:19:43 |[] | [34mINFO [0;39m | [1;33mrestartedMain[0;39m |
                [1;32morg.springframework.context.support.PostProcessorRegistrationDelegate$BeanPostProcessorChecker[0;39m | Bean 'com.baomidou.dynamic.datasource.spring.boot.autoconfigure.DynamicDataSourceAutoConfiguration' of type [com.baomidou.dynamic.datasource.spring.boot.autoconfigure.DynamicDataSourceAutoConfiguration$$EnhancerBySpringCGLIB$$d407cada] is not eligible for getting processed by all BeanPostProcessors (for example: not eligible for auto-proxying)
2019-09-27 16:19:43 |[] | [34mINFO [0;39m | [1;33mrestartedMain[0;39m |
                [1;32morg.springframework.context.support.PostProcessorRegistrationDelegate$BeanPostProcessorChecker[0;39m | Bean 'dsProcessor' of type [com.baomidou.dynamic.datasource.processor.DsHeaderProcessor] is not eligible for getting processed by all BeanPostProcessors (for example: not eligible for auto-proxying)
2019-09-27 16:19:43 |[] | [34mINFO [0;39m | [1;33mrestartedMain[0;39m |
                [1;32morg.springframework.context.support.PostProcessorRegistrationDelegate$BeanPostProcessorChecker[0;39m | Bean 'dynamicDatasourceAnnotationAdvisor' of type [com.baomidou.dynamic.datasource.aop.DynamicDataSourceAnnotationAdvisor] is not eligible for getting processed by all BeanPostProcessors (for example: not eligible for auto-proxying)
2019-09-27 16:19:43 |[] | [34mINFO [0;39m | [1;33mrestartedMain[0;39m |
                [1;32morg.springframework.boot.web.embedded.tomcat.TomcatWebServer[0;39m | Tomcat initialized with port(s): 8090 (http)
2019-09-27 16:19:43 |[] | [34mINFO [0;39m | [1;33mrestartedMain[0;39m |
                [1;32morg.apache.coyote.http11.Http11NioProtocol[0;39m | Initializing ProtocolHandler ["http-nio-8090"]
2019-09-27 16:19:43 |[] | [34mINFO [0;39m | [1;33mrestartedMain[0;39m |
                [1;32morg.apache.catalina.core.StandardService[0;39m | Starting service [Tomcat]
2019-09-27 16:19:43 |[] | [34mINFO [0;39m | [1;33mrestartedMain[0;39m |
                [1;32morg.apache.catalina.core.StandardEngine[0;39m | Starting Servlet engine: [Apache Tomcat/9.0.19]
2019-09-27 16:19:43 |[] | [34mINFO [0;39m | [1;33mrestartedMain[0;39m |
                [1;32morg.apache.catalina.core.ContainerBase.[Tomcat].[localhost].[/zmx][0;39m | Initializing Spring embedded WebApplicationContext
2019-09-27 16:19:43 |[] | [34mINFO [0;39m | [1;33mrestartedMain[0;39m |
                [1;32morg.springframework.web.context.ContextLoader[0;39m | Root WebApplicationContext: initialization completed in 1316 ms
2019-09-27 16:19:43 |[] | [34mINFO [0;39m | [1;33mrestartedMain[0;39m |
                [1;32mcom.baomidou.dynamic.datasource.DynamicDataSourceCreator[0;39m | 动态数据源-检测到druid存在,如配置中未指定type,druid会默认配置
2019-09-27 16:19:43 |[] | [34mINFO [0;39m | [1;33mrestartedMain[0;39m |
                [1;32mcom.alibaba.druid.pool.DruidDataSource[0;39m | {dataSource-1,master} inited
2019-09-27 16:19:43 |[] | [34mINFO [0;39m | [1;33mrestartedMain[0;39m |
                [1;32mcom.alibaba.druid.pool.DruidDataSource[0;39m | {dataSource-2,basic} inited
2019-09-27 16:19:43 |[] | [34mINFO [0;39m | [1;33mrestartedMain[0;39m |
                [1;32mcom.baomidou.dynamic.datasource.DynamicRoutingDataSource[0;39m | 初始共加载 2 个数据源
2019-09-27 16:19:43 |[] | [34mINFO [0;39m | [1;33mrestartedMain[0;39m |
                [1;32mcom.baomidou.dynamic.datasource.DynamicRoutingDataSource[0;39m | 动态数据源-加载 basic 成功
2019-09-27 16:19:43 |[] | [34mINFO [0;39m | [1;33mrestartedMain[0;39m |
                [1;32mcom.baomidou.dynamic.datasource.DynamicRoutingDataSource[0;39m | 动态数据源-加载 master 成功
2019-09-27 16:19:43 |[] | [34mINFO [0;39m | [1;33mrestartedMain[0;39m |
                [1;32mcom.baomidou.dynamic.datasource.DynamicRoutingDataSource[0;39m | 当前的默认数据源是单数据源，数据源名为 master
2019-09-27 16:19:44 |[] | [34mINFO [0;39m | [1;33mrestartedMain[0;39m |
                [1;32morg.springframework.scheduling.concurrent.ThreadPoolTaskExecutor[0;39m | Initializing ExecutorService
2019-09-27 16:19:44 |[] | [34mINFO [0;39m | [1;33mrestartedMain[0;39m |
                [1;32morg.springframework.scheduling.concurrent.ThreadPoolTaskExecutor[0;39m | Initializing ExecutorService 'getAsyncExecutor'
2019-09-27 16:19:44 |[] | [34mINFO [0;39m | [1;33mrestartedMain[0;39m |
                [1;32morg.apache.coyote.http11.Http11NioProtocol[0;39m | Starting ProtocolHandler ["http-nio-8090"]
2019-09-27 16:19:44 |[] | [34mINFO [0;39m | [1;33mrestartedMain[0;39m |
                [1;32morg.apache.coyote.http11.Http11NioProtocol[0;39m | Pausing ProtocolHandler ["http-nio-8090"]
2019-09-27 16:19:44 |[] | [34mINFO [0;39m | [1;33mrestartedMain[0;39m |
                [1;32morg.apache.catalina.core.StandardService[0;39m | Stopping service [Tomcat]
2019-09-27 16:19:44 |[] | [34mINFO [0;39m | [1;33mrestartedMain[0;39m |
                [1;32morg.apache.catalina.util.LifecycleBase[0;39m | The stop() method was called on component [StandardServer[-1]] after stop() had already been called. The second call will be ignored.
2019-09-27 16:19:44 |[] | [34mINFO [0;39m | [1;33mrestartedMain[0;39m |
                [1;32morg.apache.coyote.http11.Http11NioProtocol[0;39m | Stopping ProtocolHandler ["http-nio-8090"]
2019-09-27 16:19:44 |[] | [34mINFO [0;39m | [1;33mrestartedMain[0;39m |
                [1;32morg.apache.coyote.http11.Http11NioProtocol[0;39m | Destroying ProtocolHandler ["http-nio-8090"]
2019-09-27 16:19:44 |[] | [34mINFO [0;39m | [1;33mrestartedMain[0;39m |
                [1;32morg.springframework.boot.autoconfigure.logging.ConditionEvaluationReportLoggingListener[0;39m | 

Error starting ApplicationContext. To display the conditions report re-run your application with 'debug' enabled.
2019-09-27 16:19:44 |[] | [34mINFO [0;39m | [1;33mrestartedMain[0;39m |
                [1;32morg.springframework.scheduling.concurrent.ThreadPoolTaskExecutor[0;39m | Shutting down ExecutorService 'getAsyncExecutor'
2019-09-27 16:19:44 |[] | [34mINFO [0;39m | [1;33mrestartedMain[0;39m |
                [1;32mcom.baomidou.dynamic.datasource.DynamicRoutingDataSource[0;39m | closing dynamicDatasource  ing....
2019-09-27 16:19:44 |[] | [34mINFO [0;39m | [1;33mrestartedMain[0;39m |
                [1;32mcom.alibaba.druid.pool.DruidDataSource[0;39m | {dataSource-2} closed
2019-09-27 16:19:44 |[] | [34mINFO [0;39m | [1;33mrestartedMain[0;39m |
                [1;32mcom.alibaba.druid.pool.DruidDataSource[0;39m | {dataSource-1} closed
2019-09-27 16:20:21 |[] | [34mINFO [0;39m | [1;33mrestartedMain[0;39m |
                [1;32mcom.bix.BixApp[0;39m | Starting BixApp on PC-20190718QHMN with PID 25232 (D:\bixapi\bix-app\target\classes started by Administrator in D:\bixapi)
2019-09-27 16:20:21 |[] | [34mINFO [0;39m | [1;33mrestartedMain[0;39m |
                [1;32mcom.bix.BixApp[0;39m | No active profile set, falling back to default profiles: default
2019-09-27 16:20:21 |[] | [34mINFO [0;39m | [1;33mrestartedMain[0;39m |
                [1;32morg.springframework.boot.devtools.env.DevToolsPropertyDefaultsPostProcessor[0;39m | Devtools property defaults active! Set 'spring.devtools.add-properties' to 'false' to disable
2019-09-27 16:20:21 |[] | [34mINFO [0;39m | [1;33mrestartedMain[0;39m |
                [1;32morg.springframework.boot.devtools.env.DevToolsPropertyDefaultsPostProcessor[0;39m | For additional web related logging consider setting the 'logging.level.web' property to 'DEBUG'
2019-09-27 16:20:22 |[] | [34mINFO [0;39m | [1;33mrestartedMain[0;39m |
                [1;32morg.springframework.data.repository.config.RepositoryConfigurationDelegate[0;39m | Multiple Spring Data modules found, entering strict repository configuration mode!
2019-09-27 16:20:22 |[] | [34mINFO [0;39m | [1;33mrestartedMain[0;39m |
                [1;32morg.springframework.data.repository.config.RepositoryConfigurationDelegate[0;39m | Bootstrapping Spring Data repositories in DEFAULT mode.
2019-09-27 16:20:22 |[] | [34mINFO [0;39m | [1;33mrestartedMain[0;39m |
                [1;32morg.springframework.data.repository.config.RepositoryConfigurationDelegate[0;39m | Finished Spring Data repository scanning in 17ms. Found 0 repository interfaces.
2019-09-27 16:20:22 |[] | [34mINFO [0;39m | [1;33mrestartedMain[0;39m |
                [1;32morg.springframework.context.support.PostProcessorRegistrationDelegate$BeanPostProcessorChecker[0;39m | Bean 'asyncConfig' of type [com.bix.config.async.AsyncConfig$$EnhancerBySpringCGLIB$$b14c85f1] is not eligible for getting processed by all BeanPostProcessors (for example: not eligible for auto-proxying)
2019-09-27 16:20:22 |[] | [34mINFO [0;39m | [1;33mrestartedMain[0;39m |
                [1;32morg.springframework.context.support.PostProcessorRegistrationDelegate$BeanPostProcessorChecker[0;39m | Bean 'org.springframework.transaction.annotation.ProxyTransactionManagementConfiguration' of type [org.springframework.transaction.annotation.ProxyTransactionManagementConfiguration$$EnhancerBySpringCGLIB$$1c714722] is not eligible for getting processed by all BeanPostProcessors (for example: not eligible for auto-proxying)
2019-09-27 16:20:22 |[] | [34mINFO [0;39m | [1;33mrestartedMain[0;39m |
                [1;32morg.springframework.context.support.PostProcessorRegistrationDelegate$BeanPostProcessorChecker[0;39m | Bean 'spring.datasource.dynamic-com.baomidou.dynamic.datasource.spring.boot.autoconfigure.DynamicDataSourceProperties' of type [com.baomidou.dynamic.datasource.spring.boot.autoconfigure.DynamicDataSourceProperties] is not eligible for getting processed by all BeanPostProcessors (for example: not eligible for auto-proxying)
2019-09-27 16:20:22 |[] | [34mINFO [0;39m | [1;33mrestartedMain[0;39m |
                [1;32morg.springframework.context.support.PostProcessorRegistrationDelegate$BeanPostProcessorChecker[0;39m | Bean 'com.baomidou.dynamic.datasource.spring.boot.autoconfigure.DynamicDataSourceAutoConfiguration' of type [com.baomidou.dynamic.datasource.spring.boot.autoconfigure.DynamicDataSourceAutoConfiguration$$EnhancerBySpringCGLIB$$85ffb7f3] is not eligible for getting processed by all BeanPostProcessors (for example: not eligible for auto-proxying)
2019-09-27 16:20:22 |[] | [34mINFO [0;39m | [1;33mrestartedMain[0;39m |
                [1;32morg.springframework.context.support.PostProcessorRegistrationDelegate$BeanPostProcessorChecker[0;39m | Bean 'dsProcessor' of type [com.baomidou.dynamic.datasource.processor.DsHeaderProcessor] is not eligible for getting processed by all BeanPostProcessors (for example: not eligible for auto-proxying)
2019-09-27 16:20:22 |[] | [34mINFO [0;39m | [1;33mrestartedMain[0;39m |
                [1;32morg.springframework.context.support.PostProcessorRegistrationDelegate$BeanPostProcessorChecker[0;39m | Bean 'dynamicDatasourceAnnotationAdvisor' of type [com.baomidou.dynamic.datasource.aop.DynamicDataSourceAnnotationAdvisor] is not eligible for getting processed by all BeanPostProcessors (for example: not eligible for auto-proxying)
2019-09-27 16:20:23 |[] | [34mINFO [0;39m | [1;33mrestartedMain[0;39m |
                [1;32morg.springframework.boot.web.embedded.tomcat.TomcatWebServer[0;39m | Tomcat initialized with port(s): 8099 (http)
2019-09-27 16:20:23 |[] | [34mINFO [0;39m | [1;33mrestartedMain[0;39m |
                [1;32morg.apache.coyote.http11.Http11NioProtocol[0;39m | Initializing ProtocolHandler ["http-nio-8099"]
2019-09-27 16:20:23 |[] | [34mINFO [0;39m | [1;33mrestartedMain[0;39m |
                [1;32morg.apache.catalina.core.StandardService[0;39m | Starting service [Tomcat]
2019-09-27 16:20:23 |[] | [34mINFO [0;39m | [1;33mrestartedMain[0;39m |
                [1;32morg.apache.catalina.core.StandardEngine[0;39m | Starting Servlet engine: [Apache Tomcat/9.0.19]
2019-09-27 16:20:23 |[] | [34mINFO [0;39m | [1;33mrestartedMain[0;39m |
                [1;32morg.apache.catalina.core.ContainerBase.[Tomcat].[localhost].[/zmx][0;39m | Initializing Spring embedded WebApplicationContext
2019-09-27 16:20:23 |[] | [34mINFO [0;39m | [1;33mrestartedMain[0;39m |
                [1;32morg.springframework.web.context.ContextLoader[0;39m | Root WebApplicationContext: initialization completed in 1375 ms
2019-09-27 16:20:23 |[] | [34mINFO [0;39m | [1;33mrestartedMain[0;39m |
                [1;32mcom.baomidou.dynamic.datasource.DynamicDataSourceCreator[0;39m | 动态数据源-检测到druid存在,如配置中未指定type,druid会默认配置
2019-09-27 16:20:23 |[] | [34mINFO [0;39m | [1;33mrestartedMain[0;39m |
                [1;32mcom.alibaba.druid.pool.DruidDataSource[0;39m | {dataSource-1,master} inited
2019-09-27 16:20:23 |[] | [34mINFO [0;39m | [1;33mrestartedMain[0;39m |
                [1;32mcom.alibaba.druid.pool.DruidDataSource[0;39m | {dataSource-2,basic} inited
2019-09-27 16:20:23 |[] | [34mINFO [0;39m | [1;33mrestartedMain[0;39m |
                [1;32mcom.baomidou.dynamic.datasource.DynamicRoutingDataSource[0;39m | 初始共加载 2 个数据源
2019-09-27 16:20:23 |[] | [34mINFO [0;39m | [1;33mrestartedMain[0;39m |
                [1;32mcom.baomidou.dynamic.datasource.DynamicRoutingDataSource[0;39m | 动态数据源-加载 basic 成功
2019-09-27 16:20:23 |[] | [34mINFO [0;39m | [1;33mrestartedMain[0;39m |
                [1;32mcom.baomidou.dynamic.datasource.DynamicRoutingDataSource[0;39m | 动态数据源-加载 master 成功
2019-09-27 16:20:23 |[] | [34mINFO [0;39m | [1;33mrestartedMain[0;39m |
                [1;32mcom.baomidou.dynamic.datasource.DynamicRoutingDataSource[0;39m | 当前的默认数据源是单数据源，数据源名为 master
2019-09-27 16:20:24 |[] | [34mINFO [0;39m | [1;33mrestartedMain[0;39m |
                [1;32morg.springframework.scheduling.concurrent.ThreadPoolTaskExecutor[0;39m | Initializing ExecutorService
2019-09-27 16:20:24 |[] | [34mINFO [0;39m | [1;33mrestartedMain[0;39m |
                [1;32morg.springframework.scheduling.concurrent.ThreadPoolTaskExecutor[0;39m | Initializing ExecutorService 'getAsyncExecutor'
2019-09-27 16:20:24 |[] | [34mINFO [0;39m | [1;33mrestartedMain[0;39m |
                [1;32morg.apache.coyote.http11.Http11NioProtocol[0;39m | Starting ProtocolHandler ["http-nio-8099"]
2019-09-27 16:20:24 |[] | [34mINFO [0;39m | [1;33mrestartedMain[0;39m |
                [1;32morg.springframework.boot.web.embedded.tomcat.TomcatWebServer[0;39m | Tomcat started on port(s): 8099 (http) with context path '/zmx'
2019-09-27 16:20:24 |[] | [34mINFO [0;39m | [1;33mrestartedMain[0;39m |
                [1;32mcom.bix.BixApp[0;39m | Started BixApp in 3.595 seconds (JVM running for 4.04)
