2021-07-27 10:16:51 |[] | [34mINFO [0;39m | [1;33mrestartedMain[0;39m |
                [1;32mcom.bix.BixApp[0;39m | Starting BixApp on WIN-RUB6130E1T2 with PID 9872 (G:\java-programs\zmx\bix-app\target\classes started by Administrator in G:\java-programs\zmx)
2021-07-27 10:16:51 |[] | [34mINFO [0;39m | [1;33mrestartedMain[0;39m |
                [1;32mcom.bix.BixApp[0;39m | No active profile set, falling back to default profiles: default
2021-07-27 10:16:51 |[] | [34mINFO [0;39m | [1;33mrestartedMain[0;39m |
                [1;32morg.springframework.boot.devtools.env.DevToolsPropertyDefaultsPostProcessor[0;39m | Devtools property defaults active! Set 'spring.devtools.add-properties' to 'false' to disable
2021-07-27 10:16:51 |[] | [34mINFO [0;39m | [1;33mrestartedMain[0;39m |
                [1;32morg.springframework.boot.devtools.env.DevToolsPropertyDefaultsPostProcessor[0;39m | For additional web related logging consider setting the 'logging.level.web' property to 'DEBUG'
2021-07-27 10:16:52 |[] | [34mINFO [0;39m | [1;33mrestartedMain[0;39m |
                [1;32morg.springframework.data.repository.config.RepositoryConfigurationDelegate[0;39m | Multiple Spring Data modules found, entering strict repository configuration mode!
2021-07-27 10:16:52 |[] | [34mINFO [0;39m | [1;33mrestartedMain[0;39m |
                [1;32morg.springframework.data.repository.config.RepositoryConfigurationDelegate[0;39m | Bootstrapping Spring Data repositories in DEFAULT mode.
2021-07-27 10:16:52 |[] | [34mINFO [0;39m | [1;33mrestartedMain[0;39m |
                [1;32morg.springframework.data.repository.config.RepositoryConfigurationDelegate[0;39m | Finished Spring Data repository scanning in 25ms. Found 0 repository interfaces.
2021-07-27 10:16:52 |[] | [34mINFO [0;39m | [1;33mrestartedMain[0;39m |
                [1;32morg.springframework.context.support.PostProcessorRegistrationDelegate$BeanPostProcessorChecker[0;39m | Bean 'asyncConfig' of type [com.bix.config.async.AsyncConfig$$EnhancerBySpringCGLIB$$466f5dde] is not eligible for getting processed by all BeanPostProcessors (for example: not eligible for auto-proxying)
2021-07-27 10:16:52 |[] | [34mINFO [0;39m | [1;33mrestartedMain[0;39m |
                [1;32morg.springframework.context.support.PostProcessorRegistrationDelegate$BeanPostProcessorChecker[0;39m | Bean 'spring.datasource.dynamic-com.baomidou.dynamic.datasource.spring.boot.autoconfigure.DynamicDataSourceProperties' of type [com.baomidou.dynamic.datasource.spring.boot.autoconfigure.DynamicDataSourceProperties] is not eligible for getting processed by all BeanPostProcessors (for example: not eligible for auto-proxying)
2021-07-27 10:16:52 |[] | [34mINFO [0;39m | [1;33mrestartedMain[0;39m |
                [1;32morg.springframework.context.support.PostProcessorRegistrationDelegate$BeanPostProcessorChecker[0;39m | Bean 'com.baomidou.dynamic.datasource.spring.boot.autoconfigure.DynamicDataSourceAutoConfiguration' of type [com.baomidou.dynamic.datasource.spring.boot.autoconfigure.DynamicDataSourceAutoConfiguration$$EnhancerBySpringCGLIB$$1b228fe0] is not eligible for getting processed by all BeanPostProcessors (for example: not eligible for auto-proxying)
2021-07-27 10:16:52 |[] | [34mINFO [0;39m | [1;33mrestartedMain[0;39m |
                [1;32morg.springframework.context.support.PostProcessorRegistrationDelegate$BeanPostProcessorChecker[0;39m | Bean 'dsProcessor' of type [com.baomidou.dynamic.datasource.processor.DsHeaderProcessor] is not eligible for getting processed by all BeanPostProcessors (for example: not eligible for auto-proxying)
2021-07-27 10:16:52 |[] | [34mINFO [0;39m | [1;33mrestartedMain[0;39m |
                [1;32morg.springframework.context.support.PostProcessorRegistrationDelegate$BeanPostProcessorChecker[0;39m | Bean 'dynamicDatasourceAnnotationAdvisor' of type [com.baomidou.dynamic.datasource.aop.DynamicDataSourceAnnotationAdvisor] is not eligible for getting processed by all BeanPostProcessors (for example: not eligible for auto-proxying)
2021-07-27 10:16:53 |[] | [34mINFO [0;39m | [1;33mrestartedMain[0;39m |
                [1;32morg.springframework.context.support.PostProcessorRegistrationDelegate$BeanPostProcessorChecker[0;39m | Bean 'org.springframework.transaction.annotation.ProxyTransactionManagementConfiguration' of type [org.springframework.transaction.annotation.ProxyTransactionManagementConfiguration$$EnhancerBySpringCGLIB$$b1941f0f] is not eligible for getting processed by all BeanPostProcessors (for example: not eligible for auto-proxying)
2021-07-27 10:16:53 |[] | [34mINFO [0;39m | [1;33mrestartedMain[0;39m |
                [1;32morg.springframework.boot.web.embedded.tomcat.TomcatWebServer[0;39m | Tomcat initialized with port(s): 9999 (http)
2021-07-27 10:16:53 |[] | [34mINFO [0;39m | [1;33mrestartedMain[0;39m |
                [1;32morg.apache.coyote.http11.Http11NioProtocol[0;39m | Initializing ProtocolHandler ["http-nio-9999"]
2021-07-27 10:16:53 |[] | [34mINFO [0;39m | [1;33mrestartedMain[0;39m |
                [1;32morg.apache.catalina.core.StandardService[0;39m | Starting service [Tomcat]
2021-07-27 10:16:53 |[] | [34mINFO [0;39m | [1;33mrestartedMain[0;39m |
                [1;32morg.apache.catalina.core.StandardEngine[0;39m | Starting Servlet engine: [Apache Tomcat/9.0.19]
2021-07-27 10:16:53 |[] | [34mINFO [0;39m | [1;33mrestartedMain[0;39m |
                [1;32morg.apache.catalina.core.ContainerBase.[Tomcat].[localhost].[/][0;39m | Initializing Spring embedded WebApplicationContext
2021-07-27 10:16:53 |[] | [34mINFO [0;39m | [1;33mrestartedMain[0;39m |
                [1;32morg.springframework.web.context.ContextLoader[0;39m | Root WebApplicationContext: initialization completed in 2142 ms
2021-07-27 10:16:54 |[] | [34mINFO [0;39m | [1;33mrestartedMain[0;39m |
                [1;32morg.springframework.scheduling.concurrent.ThreadPoolTaskExecutor[0;39m | Initializing ExecutorService
2021-07-27 10:16:54 |[] | [34mINFO [0;39m | [1;33mrestartedMain[0;39m |
                [1;32morg.springframework.scheduling.concurrent.ThreadPoolTaskExecutor[0;39m | Initializing ExecutorService 'getAsyncExecutor'
2021-07-27 10:16:54 |[] | [34mINFO [0;39m | [1;33mrestartedMain[0;39m |
                [1;32mspringfox.documentation.spring.web.PropertySourcedRequestMappingHandlerMapping[0;39m | Mapped URL path [/v2/api-docs] onto method [public org.springframework.http.ResponseEntity<springfox.documentation.spring.web.json.Json> springfox.documentation.swagger2.web.Swagger2Controller.getDocumentation(java.lang.String,javax.servlet.http.HttpServletRequest)]
2021-07-27 10:16:54 |[] | [34mINFO [0;39m | [1;33mrestartedMain[0;39m |
                [1;32morg.springframework.boot.devtools.autoconfigure.OptionalLiveReloadServer[0;39m | LiveReload server is running on port 35729
2021-07-27 10:16:54 |[] | [34mINFO [0;39m | [1;33mrestartedMain[0;39m |
                [1;32mcom.baomidou.dynamic.datasource.DynamicDataSourceCreator[0;39m | 动态数据源-检测到druid存在,如配置中未指定type,druid会默认配置
2021-07-27 10:16:55 |[] | [34mINFO [0;39m | [1;33mrestartedMain[0;39m |
                [1;32mspringfox.documentation.spring.web.plugins.DocumentationPluginsBootstrapper[0;39m | Context refreshed
2021-07-27 10:16:55 |[] | [34mINFO [0;39m | [1;33mrestartedMain[0;39m |
                [1;32mspringfox.documentation.spring.web.plugins.DocumentationPluginsBootstrapper[0;39m | Found 1 custom documentation plugin(s)
2021-07-27 10:16:55 |[] | [34mINFO [0;39m | [1;33mrestartedMain[0;39m |
                [1;32mspringfox.documentation.spring.web.scanners.ApiListingReferenceScanner[0;39m | Scanning for api listing references
2021-07-27 10:16:55 |[] | [34mINFO [0;39m | [1;33mrestartedMain[0;39m |
                [1;32morg.apache.coyote.http11.Http11NioProtocol[0;39m | Starting ProtocolHandler ["http-nio-9999"]
2021-07-27 10:16:55 |[] | [34mINFO [0;39m | [1;33mrestartedMain[0;39m |
                [1;32morg.springframework.boot.web.embedded.tomcat.TomcatWebServer[0;39m | Tomcat started on port(s): 9999 (http) with context path ''
2021-07-27 10:16:55 |[] | [34mINFO [0;39m | [1;33mrestartedMain[0;39m |
                [1;32mcom.bix.BixApp[0;39m | Started BixApp in 4.647 seconds (JVM running for 5.474)
2021-07-27 10:18:29 |[] | [34mINFO [0;39m | [1;33mThread-17[0;39m |
                [1;32morg.springframework.scheduling.concurrent.ThreadPoolTaskExecutor[0;39m | Shutting down ExecutorService 'getAsyncExecutor'
